# JRE version: OpenJDK Runtime Environment (15.0.1+9) (build 15.0.1+9-18)
# Java VM: OpenJDK 64-Bit Server VM (15.0.1+9-18, mixed mode, tiered, compressed oops, g1 gc, windows-amd64)
GC Precious Log:
 CPUs: 8 total, 8 available
 Memory: 8059M
 Large Page Support: Disabled
 NUMA Support: Disabled
 Compressed Oops: Enabled (32-bit)
 Heap Region Size: 1M
 Heap Min Capacity: 8M
 Heap Initial Capacity: 126M
 Heap Max Capacity: 2016M
 Pre-touch: Disabled
 Parallel Workers: 8
 Concurrent Workers: 2
 Concurrent Refinement Workers: 8
 Periodic GC: Disabled
Heap:
 garbage-first heap   total 63488K, used 49081K [0x0000000082000000, 0x0000000100000000)
  region size 1024K, 30 young (30720K), 2 survivors (2048K)
 Metaspace       used 38066K, capacity 38518K, committed 38736K, reserved 1083392K
  class space    used 4738K, capacity 4908K, committed 5024K, reserved 1048576K
GC Heap History (20 events):
Event: 1.576 GC heap after
{Heap after GC invocations=2 (full 0):
 garbage-first heap   total 129024K, used 11465K [0x0000000082000000, 0x0000000100000000)
  region size 1024K, 2 young (2048K), 2 survivors (2048K)
 Metaspace       used 19289K, capacity 19631K, committed 19712K, reserved 1067008K
  class space    used 2163K, capacity 2260K, committed 2304K, reserved 1048576K
}
Event: 1.639 GC heap before
{Heap before GC invocations=2 (full 0):
 garbage-first heap   total 129024K, used 17609K [0x0000000082000000, 0x0000000100000000)
  region size 1024K, 9 young (9216K), 2 survivors (2048K)
 Metaspace       used 20943K, capacity 21329K, committed 21628K, reserved 1069056K
  class space    used 2349K, capacity 2462K, committed 2508K, reserved 1048576K
}
Event: 1.641 GC heap after
{Heap after GC invocations=3 (full 0):
 garbage-first heap   total 129024K, used 11863K [0x0000000082000000, 0x0000000100000000)
  region size 1024K, 2 young (2048K), 2 survivors (2048K)
 Metaspace       used 20943K, capacity 21329K, committed 21628K, reserved 1069056K
  class space    used 2349K, capacity 2462K, committed 2508K, reserved 1048576K
}
Event: 2.133 GC heap before
{Heap before GC invocations=4 (full 0):
 garbage-first heap   total 48128K, used 46679K [0x0000000082000000, 0x0000000100000000)
  region size 1024K, 37 young (37888K), 2 survivors (2048K)
 Metaspace       used 26049K, capacity 26355K, committed 26620K, reserved 1073152K
  class space    used 3009K, capacity 3113K, committed 3148K, reserved 1048576K
}
Event: 2.138 GC heap after
{Heap after GC invocations=5 (full 0):
 garbage-first heap   total 52224K, used 13331K [0x0000000082000000, 0x0000000100000000)
  region size 1024K, 4 young (4096K), 4 survivors (4096K)
 Metaspace       used 26049K, capacity 26355K, committed 26620K, reserved 1073152K
  class space    used 3009K, capacity 3113K, committed 3148K, reserved 1048576K
}
Event: 2.264 GC heap before
{Heap before GC invocations=5 (full 0):
 garbage-first heap   total 52224K, used 32787K [0x0000000082000000, 0x0000000100000000)
  region size 1024K, 24 young (24576K), 4 survivors (4096K)
 Metaspace       used 26261K, capacity 26581K, committed 26748K, reserved 1073152K
  class space    used 3039K, capacity 3147K, committed 3276K, reserved 1048576K
}
Event: 2.270 GC heap after
{Heap after GC invocations=6 (full 0):
 garbage-first heap   total 52224K, used 14041K [0x0000000082000000, 0x0000000100000000)
  region size 1024K, 1 young (1024K), 1 survivors (1024K)
 Metaspace       used 26261K, capacity 26581K, committed 26748K, reserved 1073152K
  class space    used 3039K, capacity 3147K, committed 3276K, reserved 1048576K
}
Event: 2.278 GC heap before
{Heap before GC invocations=6 (full 0):
 garbage-first heap   total 52224K, used 34521K [0x0000000082000000, 0x0000000100000000)
  region size 1024K, 22 young (22528K), 1 survivors (1024K)
 Metaspace       used 26316K, capacity 26645K, committed 27004K, reserved 1073152K
  class space    used 3046K, capacity 3147K, committed 3276K, reserved 1048576K
}
Event: 2.280 GC heap after
{Heap after GC invocations=7 (full 0):
 garbage-first heap   total 52224K, used 13999K [0x0000000082000000, 0x0000000100000000)
  region size 1024K, 1 young (1024K), 1 survivors (1024K)
 Metaspace       used 26316K, capacity 26645K, committed 27004K, reserved 1073152K
  class space    used 3046K, capacity 3147K, committed 3276K, reserved 1048576K
}
Event: 2.540 GC heap before
{Heap before GC invocations=7 (full 0):
 garbage-first heap   total 52224K, used 36527K [0x0000000082000000, 0x0000000100000000)
  region size 1024K, 24 young (24576K), 1 survivors (1024K)
 Metaspace       used 28548K, capacity 28912K, committed 29052K, reserved 1075200K
  class space    used 3294K, capacity 3410K, committed 3532K, reserved 1048576K
}
Event: 2.542 GC heap after
{Heap after GC invocations=8 (full 0):
 garbage-first heap   total 52224K, used 15065K [0x0000000082000000, 0x0000000100000000)
  region size 1024K, 2 young (2048K), 2 survivors (2048K)
 Metaspace       used 28548K, capacity 28912K, committed 29052K, reserved 1075200K
  class space    used 3294K, capacity 3410K, committed 3532K, reserved 1048576K
}
Event: 3.184 GC heap before
{Heap before GC invocations=8 (full 0):
 garbage-first heap   total 52224K, used 37593K [0x0000000082000000, 0x0000000100000000)
  region size 1024K, 24 young (24576K), 2 survivors (2048K)
 Metaspace       used 30439K, capacity 30834K, committed 31100K, reserved 1077248K
  class space    used 3582K, capacity 3725K, committed 3788K, reserved 1048576K
}
Event: 3.189 GC heap after
{Heap after GC invocations=9 (full 0):
 garbage-first heap   total 52224K, used 16357K [0x0000000082000000, 0x0000000100000000)
  region size 1024K, 3 young (3072K), 3 survivors (3072K)
 Metaspace       used 30439K, capacity 30834K, committed 31100K, reserved 1077248K
  class space    used 3582K, capacity 3725K, committed 3788K, reserved 1048576K
}
Event: 3.951 GC heap before
{Heap before GC invocations=9 (full 0):
 garbage-first heap   total 52224K, used 37861K [0x0000000082000000, 0x0000000100000000)
  region size 1024K, 24 young (24576K), 3 survivors (3072K)
 Metaspace       used 33543K, capacity 33933K, committed 34172K, reserved 1079296K
  class space    used 4120K, capacity 4244K, committed 4300K, reserved 1048576K
}
Event: 3.957 GC heap after
{Heap after GC invocations=10 (full 0):
 garbage-first heap   total 63488K, used 17647K [0x0000000082000000, 0x0000000100000000)
  region size 1024K, 3 young (3072K), 3 survivors (3072K)
 Metaspace       used 33543K, capacity 33933K, committed 34172K, reserved 1079296K
  class space    used 4120K, capacity 4244K, committed 4300K, reserved 1048576K
}
Event: 4.568 GC heap before
{Heap before GC invocations=10 (full 0):
 garbage-first heap   total 63488K, used 29935K [0x0000000082000000, 0x0000000100000000)
  region size 1024K, 16 young (16384K), 3 survivors (3072K)
 Metaspace       used 35490K, capacity 35905K, committed 36048K, reserved 1081344K
  class space    used 4413K, capacity 4549K, committed 4640K, reserved 1048576K
}
Event: 4.580 GC heap after
{Heap after GC invocations=11 (full 0):
 garbage-first heap   total 63488K, used 18831K [0x0000000082000000, 0x0000000100000000)
  region size 1024K, 3 young (3072K), 3 survivors (3072K)
 Metaspace       used 35490K, capacity 35905K, committed 36048K, reserved 1081344K
  class space    used 4413K, capacity 4549K, committed 4640K, reserved 1048576K
}
Event: 5.075 GC heap before
{Heap before GC invocations=12 (full 0):
 garbage-first heap   total 63488K, used 47503K [0x0000000082000000, 0x0000000100000000)
  region size 1024K, 32 young (32768K), 3 survivors (3072K)
 Metaspace       used 38066K, capacity 38518K, committed 38736K, reserved 1083392K
  class space    used 4738K, capacity 4908K, committed 5024K, reserved 1048576K
}
Event: 5.085 GC heap after
{Heap after GC invocations=13 (full 0):
 garbage-first heap   total 63488K, used 20409K [0x0000000082000000, 0x0000000100000000)
  region size 1024K, 3 young (3072K), 3 survivors (3072K)
 Metaspace       used 38066K, capacity 38518K, committed 38736K, reserved 1083392K
  class space    used 4738K, capacity 4908K, committed 5024K, reserved 1048576K
}
Event: 5.123 GC heap before
{Heap before GC invocations=13 (full 0):
 garbage-first heap   total 63488K, used 48057K [0x0000000082000000, 0x0000000100000000)
  region size 1024K, 31 young (31744K), 3 survivors (3072K)
 Metaspace       used 38066K, capacity 38518K, committed 38736K, reserved 1083392K
  class space    used 4738K, capacity 4908K, committed 5024K, reserved 1048576K
}

